

================================================================
== Vitis HLS Report for 'mlp_dance3_Pipeline_loadbias0'
================================================================
* Date:           Tue Oct 12 03:34:58 2021

* Version:        2021.1 (Build 3247384 on Thu Jun 10 19:36:33 MDT 2021)
* Project:        MLP_FINAL
* Solution:       solution1 (Vivado IP Flow Target)
* Product family: zynquplus
* Target device:  xczu3eg-sbva484-1-i


================================================================
== Performance Estimates
================================================================
+ Timing: 
    * Summary: 
    +--------+----------+----------+------------+
    |  Clock |  Target  | Estimated| Uncertainty|
    +--------+----------+----------+------------+
    |ap_clk  |  10.00 ns|  2.236 ns|     2.70 ns|
    +--------+----------+----------+------------+

+ Latency: 
    * Summary: 
    +---------+---------+----------+----------+-----+-----+---------+
    |  Latency (cycles) |  Latency (absolute) |  Interval | Pipeline|
    |   min   |   max   |    min   |    max   | min | max |   Type  |
    +---------+---------+----------+----------+-----+-----+---------+
    |       10|       10|  0.100 us|  0.100 us|   10|   10|       no|
    +---------+---------+----------+----------+-----+-----+---------+

    + Detail: 
        * Instance: 
        N/A

        * Loop: 
        +-------------+---------+---------+----------+-----------+-----------+------+----------+
        |             |  Latency (cycles) | Iteration|  Initiation Interval  | Trip |          |
        |  Loop Name  |   min   |   max   |  Latency |  achieved |   target  | Count| Pipelined|
        +-------------+---------+---------+----------+-----------+-----------+------+----------+
        |- loadbias0  |        8|        8|         1|          1|          1|     8|       yes|
        +-------------+---------+---------+----------+-----------+-----------+------+----------+



================================================================
== Utilization Estimates
================================================================
* Summary: 
+-----------------+---------+-----+--------+-------+-----+
|       Name      | BRAM_18K| DSP |   FF   |  LUT  | URAM|
+-----------------+---------+-----+--------+-------+-----+
|DSP              |        -|    -|       -|      -|    -|
|Expression       |        -|    -|       0|     25|    -|
|FIFO             |        -|    -|       -|      -|    -|
|Instance         |        -|    -|       -|      -|    -|
|Memory           |        -|    -|       -|      -|    -|
|Multiplexer      |        -|    -|       -|     36|    -|
|Register         |        -|    -|       6|      -|    -|
+-----------------+---------+-----+--------+-------+-----+
|Total            |        0|    0|       6|     61|    0|
+-----------------+---------+-----+--------+-------+-----+
|Available        |      432|  360|  141120|  70560|    0|
+-----------------+---------+-----+--------+-------+-----+
|Utilization (%)  |        0|    0|      ~0|     ~0|    0|
+-----------------+---------+-----+--------+-------+-----+

+ Detail: 
    * Instance: 
    N/A

    * DSP: 
    N/A

    * Memory: 
    N/A

    * FIFO: 
    N/A

    * Expression: 
    +----------------------------------+----------+----+---+----+------------+------------+
    |           Variable Name          | Operation| DSP| FF| LUT| Bitwidth P0| Bitwidth P1|
    +----------------------------------+----------+----+---+----+------------+------------+
    |add_ln73_fu_77_p2                 |         +|   0|  0|  12|           4|           1|
    |ap_condition_105                  |       and|   0|  0|   2|           1|           1|
    |icmp_ln73_fu_71_p2                |      icmp|   0|  0|   9|           4|           5|
    |ap_block_state1_pp0_stage0_iter0  |        or|   0|  0|   2|           1|           1|
    +----------------------------------+----------+----+---+----+------------+------------+
    |Total                             |          |   0|  0|  25|          10|           8|
    +----------------------------------+----------+----+---+----+------------+------------+

    * Multiplexer: 
    +----------------------+----+-----------+-----+-----------+
    |         Name         | LUT| Input Size| Bits| Total Bits|
    +----------------------+----+-----------+-----+-----------+
    |S_AXIS_V_TDATA_blk_n  |   9|          2|    1|          2|
    |ap_done_int           |   9|          2|    1|          2|
    |ap_sig_allocacmp_i_3  |   9|          2|    4|          8|
    |i_fu_40               |   9|          2|    4|          8|
    +----------------------+----+-----------+-----+-----------+
    |Total                 |  36|          8|   10|         20|
    +----------------------+----+-----------+-----+-----------+

    * Register: 
    +-------------+---+----+-----+-----------+
    |     Name    | FF| LUT| Bits| Const Bits|
    +-------------+---+----+-----+-----------+
    |ap_CS_fsm    |  1|   0|    1|          0|
    |ap_done_reg  |  1|   0|    1|          0|
    |i_fu_40      |  4|   0|    4|          0|
    +-------------+---+----+-----+-----------+
    |Total        |  6|   0|    6|          0|
    +-------------+---+----+-----+-----------+



================================================================
== Interface
================================================================
* Summary: 
+-----------------+-----+-----+------------+-------------------------------+--------------+
|    RTL Ports    | Dir | Bits|  Protocol  |         Source Object         |    C Type    |
+-----------------+-----+-----+------------+-------------------------------+--------------+
|ap_clk           |   in|    1|  ap_ctrl_hs|  mlp_dance3_Pipeline_loadbias0|  return value|
|ap_rst           |   in|    1|  ap_ctrl_hs|  mlp_dance3_Pipeline_loadbias0|  return value|
|ap_start         |   in|    1|  ap_ctrl_hs|  mlp_dance3_Pipeline_loadbias0|  return value|
|ap_done          |  out|    1|  ap_ctrl_hs|  mlp_dance3_Pipeline_loadbias0|  return value|
|ap_idle          |  out|    1|  ap_ctrl_hs|  mlp_dance3_Pipeline_loadbias0|  return value|
|ap_ready         |  out|    1|  ap_ctrl_hs|  mlp_dance3_Pipeline_loadbias0|  return value|
|S_AXIS_V_TVALID  |   in|    1|        axis|                       S_AXIS_V|       pointer|
|S_AXIS_V_TDATA   |   in|   64|        axis|                       S_AXIS_V|       pointer|
|S_AXIS_V_TREADY  |  out|    1|        axis|                       S_AXIS_V|       pointer|
|bias_0_address0  |  out|    7|   ap_memory|                         bias_0|         array|
|bias_0_ce0       |  out|    1|   ap_memory|                         bias_0|         array|
|bias_0_we0       |  out|    1|   ap_memory|                         bias_0|         array|
|bias_0_d0        |  out|   32|   ap_memory|                         bias_0|         array|
+-----------------+-----+-----+------------+-------------------------------+--------------+

============================================================
+ Verbose Summary: Synthesis Manager
============================================================
InlineROM: 1
ExposeGlobal: 0
============================================================
+ Verbose Summary: CDFG Model
============================================================
IsTopModel: 0
ResetActiveHigh: 1
IsCombinational: 2
IsDatapathOnly: 2
HasWiredReturn: 1
HasMFsm: 2
HasVarLatency: 1
IsPipeline: 0
IsRtlPipelined: 0
IsInstanceOverlapped: 0
IsDontTouch: 0
HasImplIP: 0
IsGatedGlobalClock: 0

+ Individual pipeline summary: 
  * Pipeline-0: initiation interval (II) = 1, depth = 1


============================================================
+ Verbose Summary: Schedule
============================================================
* Number of FSM states : 1
* Pipeline : 1
  Pipeline-0 : II = 1, D = 1, States = { 1 }
* Dataflow Pipeline: 0

* FSM state transitions: 
1 --> 

* FSM state operations: 

State 1 <SV = 0> <Delay = 2.23>
ST_1 : Operation 4 [1/1] (0.00ns)   --->   "%i = alloca i32 1"   --->   Operation 4 'alloca' 'i' <Predicate = true> <Delay = 0.00>
ST_1 : Operation 5 [1/1] (0.00ns)   --->   "%specinterface_ln0 = specinterface void @_ssdm_op_SpecInterface, i64 %S_AXIS_V, void @empty, i32 0, i32 0, void @empty_0, i32 0, i32 0, void @empty_1, void @empty_1, void @empty_1, i32 0, i32 0, i32 0, i32 0, void @empty_1, void @empty_1"   --->   Operation 5 'specinterface' 'specinterface_ln0' <Predicate = true> <Delay = 0.00>
ST_1 : Operation 6 [1/1] (0.48ns)   --->   "%store_ln0 = store i4 0, i4 %i"   --->   Operation 6 'store' 'store_ln0' <Predicate = true> <Delay = 0.48>
ST_1 : Operation 7 [1/1] (0.00ns)   --->   "%br_ln0 = br void %.preheader5"   --->   Operation 7 'br' 'br_ln0' <Predicate = true> <Delay = 0.00>
ST_1 : Operation 8 [1/1] (0.00ns)   --->   "%i_3 = load i4 %i" [main.cpp:73]   --->   Operation 8 'load' 'i_3' <Predicate = true> <Delay = 0.00>
ST_1 : Operation 9 [1/1] (0.00ns)   --->   "%specpipeline_ln0 = specpipeline void @_ssdm_op_SpecPipeline, i32 4294967295, i32 0, i32 1, i32 0, void @p_str"   --->   Operation 9 'specpipeline' 'specpipeline_ln0' <Predicate = true> <Delay = 0.00>
ST_1 : Operation 10 [1/1] (0.88ns)   --->   "%icmp_ln73 = icmp_eq  i4 %i_3, i4 8" [main.cpp:73]   --->   Operation 10 'icmp' 'icmp_ln73' <Predicate = true> <Delay = 0.88> <CoreInst = "Cmp">   --->   Core 9 'Cmp' <Latency = 0> <II = 1> <Delay = 0.87> <FuncUnit> <Opcode : 'icmp'> <InPorts = 2> <OutPorts = 1>
ST_1 : Operation 11 [1/1] (0.00ns)   --->   "%empty = speclooptripcount i32 @_ssdm_op_SpecLoopTripCount, i64 8, i64 8, i64 8"   --->   Operation 11 'speclooptripcount' 'empty' <Predicate = true> <Delay = 0.00>
ST_1 : Operation 12 [1/1] (0.86ns)   --->   "%add_ln73 = add i4 %i_3, i4 1" [main.cpp:73]   --->   Operation 12 'add' 'add_ln73' <Predicate = true> <Delay = 0.86> <CoreInst = "Adder">   --->   Core 1 'Adder' <Latency = 0> <II = 1> <Delay = 0.86> <FuncUnit> <Opcode : 'add' 'sub'> <InPorts = 2> <OutPorts = 1>
ST_1 : Operation 13 [1/1] (0.00ns)   --->   "%br_ln73 = br i1 %icmp_ln73, void %.split21, void %.loopexit.loopexit.exitStub" [main.cpp:73]   --->   Operation 13 'br' 'br_ln73' <Predicate = true> <Delay = 0.00>
ST_1 : Operation 14 [1/1] (0.00ns)   --->   "%i_5_cast = zext i4 %i_3" [main.cpp:73]   --->   Operation 14 'zext' 'i_5_cast' <Predicate = (!icmp_ln73)> <Delay = 0.00>
ST_1 : Operation 15 [1/1] (0.00ns)   --->   "%specloopname_ln0 = specloopname void @_ssdm_op_SpecLoopName, void @empty_10" [D:/apps/Xilinx/Vitis_HLS/2021.1/common/technology/autopilot/hls_stream_39.h:0]   --->   Operation 15 'specloopname' 'specloopname_ln0' <Predicate = (!icmp_ln73)> <Delay = 0.00>
ST_1 : Operation 16 [1/1] (0.00ns)   --->   "%S_AXIS_V_read = read i64 @_ssdm_op_Read.axis.volatile.i64P128A, i64 %S_AXIS_V" [D:/apps/Xilinx/Vitis_HLS/2021.1/common/technology/autopilot/hls_stream_39.h:145]   --->   Operation 16 'read' 'S_AXIS_V_read' <Predicate = (!icmp_ln73)> <Delay = 0.00> <CoreInst = "axis">   --->   Core 123 'axis' <Latency = 0> <II = 1> <Delay = 1.00> <Adapter> <Opcode : >
ST_1 : Operation 17 [1/1] (0.00ns)   --->   "%trunc_ln145 = trunc i64 %S_AXIS_V_read" [D:/apps/Xilinx/Vitis_HLS/2021.1/common/technology/autopilot/hls_stream_39.h:145]   --->   Operation 17 'trunc' 'trunc_ln145' <Predicate = (!icmp_ln73)> <Delay = 0.00>
ST_1 : Operation 18 [1/1] (0.00ns)   --->   "%bitcast_ln145 = bitcast i32 %trunc_ln145" [D:/apps/Xilinx/Vitis_HLS/2021.1/common/technology/autopilot/hls_stream_39.h:145]   --->   Operation 18 'bitcast' 'bitcast_ln145' <Predicate = (!icmp_ln73)> <Delay = 0.00>
ST_1 : Operation 19 [1/1] (0.00ns)   --->   "%bias_0_addr = getelementptr i32 %bias_0, i64 0, i64 %i_5_cast" [main.cpp:75]   --->   Operation 19 'getelementptr' 'bias_0_addr' <Predicate = (!icmp_ln73)> <Delay = 0.00>
ST_1 : Operation 20 [1/1] (1.35ns)   --->   "%store_ln75 = store i32 %bitcast_ln145, i7 %bias_0_addr" [main.cpp:75]   --->   Operation 20 'store' 'store_ln75' <Predicate = (!icmp_ln73)> <Delay = 1.35> <CoreInst = "RAM">   --->   Core 83 'RAM' <Latency = 1> <II = 1> <Delay = 1.35> <Storage> <Opcode : 'load' 'store'> <Ports = 2> <Width = 32> <Depth = 78> <RAM>
ST_1 : Operation 21 [1/1] (0.48ns)   --->   "%store_ln73 = store i4 %add_ln73, i4 %i" [main.cpp:73]   --->   Operation 21 'store' 'store_ln73' <Predicate = (!icmp_ln73)> <Delay = 0.48>
ST_1 : Operation 22 [1/1] (0.00ns)   --->   "%br_ln0 = br void %.preheader5"   --->   Operation 22 'br' 'br_ln0' <Predicate = (!icmp_ln73)> <Delay = 0.00>
ST_1 : Operation 23 [1/1] (0.00ns)   --->   "%ret_ln0 = ret"   --->   Operation 23 'ret' 'ret_ln0' <Predicate = (icmp_ln73)> <Delay = 0.00>


============================================================
+ Verbose Summary: Binding
============================================================
STG Binding: 
---------------- STG Properties BEGIN ----------------
- Is combinational: 0
- Is one-state seq: 0
- Is datapath-only: 0
- Is pipelined: 0
- Is top level: 0
Port [ Return ] is wired: 1; IO mode=ap_ctrl_hs:ce=0
Port [ S_AXIS_V]:  wired=1; compound=1; hidden=0; nouse=0; global=0; static=0; extern=0; dir=0; type=0; pingpong=0; private_global=0; IO mode=axis:ce=0
Port [ bias_0]:  wired=1; compound=1; hidden=0; nouse=0; global=0; static=0; extern=0; dir=1; type=1; pingpong=0; private_global=0; MemPort=[03]; IO mode=ap_memory:ce=0
---------------- STG Properties END ------------------

---------------- Datapath Model BEGIN ----------------

<LifeTime>
<method=bitvector/>
i                 (alloca           ) [ 01]
specinterface_ln0 (specinterface    ) [ 00]
store_ln0         (store            ) [ 00]
br_ln0            (br               ) [ 00]
i_3               (load             ) [ 00]
specpipeline_ln0  (specpipeline     ) [ 00]
icmp_ln73         (icmp             ) [ 01]
empty             (speclooptripcount) [ 00]
add_ln73          (add              ) [ 00]
br_ln73           (br               ) [ 00]
i_5_cast          (zext             ) [ 00]
specloopname_ln0  (specloopname     ) [ 00]
S_AXIS_V_read     (read             ) [ 00]
trunc_ln145       (trunc            ) [ 00]
bitcast_ln145     (bitcast          ) [ 00]
bias_0_addr       (getelementptr    ) [ 00]
store_ln75        (store            ) [ 00]
store_ln73        (store            ) [ 00]
br_ln0            (br               ) [ 00]
ret_ln0           (ret              ) [ 00]
</LifeTime>

<model>

<comp_list>
<comp id="0" class="1000" name="S_AXIS_V">
<pin_list>
<pin id="1" dir="1" index="0" bw="1" slack="0"/>
</pin_list>
<bind>
<StgValue><ssdm name="S_AXIS_V"/></StgValue>
</bind>
</comp>

<comp id="2" class="1000" name="bias_0">
<pin_list>
<pin id="3" dir="1" index="0" bw="1" slack="0"/>
</pin_list>
<bind>
<StgValue><ssdm name="bias_0"/><MemPortTyVec>0 3 </MemPortTyVec>
</StgValue>
</bind>
</comp>

<comp id="4" class="1001" name="const_4">
<pin_list>
<pin id="5" dir="1" index="0" bw="1" slack="0"/>
</pin_list>
<bind>
<StgValue><ssdm name=""/></StgValue>
</bind>
</comp>

<comp id="6" class="1001" name="const_6">
<pin_list>
<pin id="7" dir="1" index="0" bw="1" slack="2147483647"/>
</pin_list>
<bind>
<StgValue><ssdm name="_ssdm_op_SpecInterface"/></StgValue>
</bind>
</comp>

<comp id="8" class="1001" name="const_8">
<pin_list>
<pin id="9" dir="1" index="0" bw="1" slack="2147483647"/>
</pin_list>
<bind>
<StgValue><ssdm name="empty"/></StgValue>
</bind>
</comp>

<comp id="10" class="1001" name="const_10">
<pin_list>
<pin id="11" dir="1" index="0" bw="1" slack="2147483647"/>
</pin_list>
<bind>
<StgValue><ssdm name=""/></StgValue>
</bind>
</comp>

<comp id="12" class="1001" name="const_12">
<pin_list>
<pin id="13" dir="1" index="0" bw="1" slack="2147483647"/>
</pin_list>
<bind>
<StgValue><ssdm name="empty_0"/></StgValue>
</bind>
</comp>

<comp id="14" class="1001" name="const_14">
<pin_list>
<pin id="15" dir="1" index="0" bw="1" slack="2147483647"/>
</pin_list>
<bind>
<StgValue><ssdm name="empty_1"/></StgValue>
</bind>
</comp>

<comp id="16" class="1001" name="const_16">
<pin_list>
<pin id="17" dir="1" index="0" bw="1" slack="0"/>
</pin_list>
<bind>
<StgValue><ssdm name=""/></StgValue>
</bind>
</comp>

<comp id="18" class="1001" name="const_18">
<pin_list>
<pin id="19" dir="1" index="0" bw="1" slack="2147483647"/>
</pin_list>
<bind>
<StgValue><ssdm name="_ssdm_op_SpecPipeline"/></StgValue>
</bind>
</comp>

<comp id="20" class="1001" name="const_20">
<pin_list>
<pin id="21" dir="1" index="0" bw="1" slack="2147483647"/>
</pin_list>
<bind>
<StgValue><ssdm name=""/></StgValue>
</bind>
</comp>

<comp id="22" class="1001" name="const_22">
<pin_list>
<pin id="23" dir="1" index="0" bw="1" slack="2147483647"/>
</pin_list>
<bind>
<StgValue><ssdm name="p_str"/></StgValue>
</bind>
</comp>

<comp id="24" class="1001" name="const_24">
<pin_list>
<pin id="25" dir="1" index="0" bw="1" slack="0"/>
</pin_list>
<bind>
<StgValue><ssdm name=""/></StgValue>
</bind>
</comp>

<comp id="26" class="1001" name="const_26">
<pin_list>
<pin id="27" dir="1" index="0" bw="1" slack="2147483647"/>
</pin_list>
<bind>
<StgValue><ssdm name="_ssdm_op_SpecLoopTripCount"/></StgValue>
</bind>
</comp>

<comp id="28" class="1001" name="const_28">
<pin_list>
<pin id="29" dir="1" index="0" bw="1" slack="2147483647"/>
</pin_list>
<bind>
<StgValue><ssdm name=""/></StgValue>
</bind>
</comp>

<comp id="30" class="1001" name="const_30">
<pin_list>
<pin id="31" dir="1" index="0" bw="1" slack="0"/>
</pin_list>
<bind>
<StgValue><ssdm name=""/></StgValue>
</bind>
</comp>

<comp id="32" class="1001" name="const_32">
<pin_list>
<pin id="33" dir="1" index="0" bw="1" slack="2147483647"/>
</pin_list>
<bind>
<StgValue><ssdm name="_ssdm_op_SpecLoopName"/></StgValue>
</bind>
</comp>

<comp id="34" class="1001" name="const_34">
<pin_list>
<pin id="35" dir="1" index="0" bw="1" slack="2147483647"/>
</pin_list>
<bind>
<StgValue><ssdm name="empty_10"/></StgValue>
</bind>
</comp>

<comp id="36" class="1001" name="const_36">
<pin_list>
<pin id="37" dir="1" index="0" bw="1" slack="0"/>
</pin_list>
<bind>
<StgValue><ssdm name="_ssdm_op_Read.axis.volatile.i64P128A"/></StgValue>
</bind>
</comp>

<comp id="38" class="1001" name="const_38">
<pin_list>
<pin id="39" dir="1" index="0" bw="1" slack="0"/>
</pin_list>
<bind>
<StgValue><ssdm name=""/></StgValue>
</bind>
</comp>

<comp id="40" class="1004" name="i_fu_40">
<pin_list>
<pin id="41" dir="0" index="0" bw="1" slack="0"/>
<pin id="42" dir="1" index="1" bw="4" slack="0"/>
</pin_list>
<bind>
<opcode="alloca(26) " fcode="alloca"/>
<opset="i/1 "/>
</bind>
</comp>

<comp id="44" class="1004" name="S_AXIS_V_read_read_fu_44">
<pin_list>
<pin id="45" dir="0" index="0" bw="64" slack="0"/>
<pin id="46" dir="0" index="1" bw="64" slack="0"/>
<pin id="47" dir="1" index="2" bw="64" slack="0"/>
</pin_list>
<bind>
<opcode="read(1150) " fcode="read"/>
<opset="S_AXIS_V_read/1 "/>
</bind>
</comp>

<comp id="50" class="1004" name="bias_0_addr_gep_fu_50">
<pin_list>
<pin id="51" dir="0" index="0" bw="32" slack="0"/>
<pin id="52" dir="0" index="1" bw="1" slack="0"/>
<pin id="53" dir="0" index="2" bw="4" slack="0"/>
<pin id="54" dir="1" index="3" bw="7" slack="0"/>
</pin_list>
<bind>
<opcode="getelementptr(29) " fcode="getelementptr"/>
<opset="bias_0_addr/1 "/>
</bind>
</comp>

<comp id="57" class="1004" name="store_ln75_access_fu_57">
<pin_list>
<pin id="58" dir="0" index="0" bw="7" slack="0"/>
<pin id="59" dir="0" index="1" bw="32" slack="0"/>
<pin id="60" dir="0" index="2" bw="0" slack="2147483647"/>
<pin id="61" dir="1" index="3" bw="32" slack="2147483647"/>
</pin_list>
<bind>
<opcode="store(28) " fcode="store"/>
<opset="store_ln75/1 "/>
</bind>
</comp>

<comp id="63" class="1004" name="store_ln0_store_fu_63">
<pin_list>
<pin id="64" dir="0" index="0" bw="1" slack="0"/>
<pin id="65" dir="0" index="1" bw="4" slack="0"/>
<pin id="66" dir="1" index="2" bw="0" slack="2147483647"/>
</pin_list>
<bind>
<opcode="store(28) " fcode="store"/>
<opset="store_ln0/1 "/>
</bind>
</comp>

<comp id="68" class="1004" name="i_3_load_fu_68">
<pin_list>
<pin id="69" dir="0" index="0" bw="4" slack="0"/>
<pin id="70" dir="1" index="1" bw="4" slack="0"/>
</pin_list>
<bind>
<opcode="load(27) " fcode="load"/>
<opset="i_3/1 "/>
</bind>
</comp>

<comp id="71" class="1004" name="icmp_ln73_fu_71">
<pin_list>
<pin id="72" dir="0" index="0" bw="4" slack="0"/>
<pin id="73" dir="0" index="1" bw="4" slack="0"/>
<pin id="74" dir="1" index="2" bw="1" slack="2147483647"/>
</pin_list>
<bind>
<opcode="icmp(45) " fcode="icmp"/>
<opset="icmp_ln73/1 "/>
</bind>
</comp>

<comp id="77" class="1004" name="add_ln73_fu_77">
<pin_list>
<pin id="78" dir="0" index="0" bw="4" slack="0"/>
<pin id="79" dir="0" index="1" bw="1" slack="0"/>
<pin id="80" dir="1" index="2" bw="4" slack="0"/>
</pin_list>
<bind>
<opcode="add(8) " fcode="add"/>
<opset="add_ln73/1 "/>
</bind>
</comp>

<comp id="83" class="1004" name="i_5_cast_fu_83">
<pin_list>
<pin id="84" dir="0" index="0" bw="4" slack="0"/>
<pin id="85" dir="1" index="1" bw="64" slack="0"/>
</pin_list>
<bind>
<opcode="zext(34) " fcode="zext"/>
<opset="i_5_cast/1 "/>
</bind>
</comp>

<comp id="88" class="1004" name="trunc_ln145_fu_88">
<pin_list>
<pin id="89" dir="0" index="0" bw="64" slack="0"/>
<pin id="90" dir="1" index="1" bw="32" slack="0"/>
</pin_list>
<bind>
<opcode="trunc(33) " fcode="trunc"/>
<opset="trunc_ln145/1 "/>
</bind>
</comp>

<comp id="92" class="1004" name="bitcast_ln145_fu_92">
<pin_list>
<pin id="93" dir="0" index="0" bw="32" slack="0"/>
<pin id="94" dir="1" index="1" bw="32" slack="0"/>
</pin_list>
<bind>
<opcode="bitcast(44) " fcode="bitcast"/>
<opset="bitcast_ln145/1 "/>
</bind>
</comp>

<comp id="97" class="1004" name="store_ln73_store_fu_97">
<pin_list>
<pin id="98" dir="0" index="0" bw="4" slack="0"/>
<pin id="99" dir="0" index="1" bw="4" slack="0"/>
<pin id="100" dir="1" index="2" bw="0" slack="2147483647"/>
</pin_list>
<bind>
<opcode="store(28) " fcode="store"/>
<opset="store_ln73/1 "/>
</bind>
</comp>

<comp id="102" class="1005" name="i_reg_102">
<pin_list>
<pin id="103" dir="0" index="0" bw="4" slack="0"/>
<pin id="104" dir="1" index="1" bw="4" slack="0"/>
</pin_list>
<bind>
<opset="i "/>
</bind>
</comp>

</comp_list>

<net_list>
<net id="43"><net_src comp="4" pin="0"/><net_sink comp="40" pin=0"/></net>

<net id="48"><net_src comp="36" pin="0"/><net_sink comp="44" pin=0"/></net>

<net id="49"><net_src comp="0" pin="0"/><net_sink comp="44" pin=1"/></net>

<net id="55"><net_src comp="2" pin="0"/><net_sink comp="50" pin=0"/></net>

<net id="56"><net_src comp="38" pin="0"/><net_sink comp="50" pin=1"/></net>

<net id="62"><net_src comp="50" pin="3"/><net_sink comp="57" pin=0"/></net>

<net id="67"><net_src comp="16" pin="0"/><net_sink comp="63" pin=0"/></net>

<net id="75"><net_src comp="68" pin="1"/><net_sink comp="71" pin=0"/></net>

<net id="76"><net_src comp="24" pin="0"/><net_sink comp="71" pin=1"/></net>

<net id="81"><net_src comp="68" pin="1"/><net_sink comp="77" pin=0"/></net>

<net id="82"><net_src comp="30" pin="0"/><net_sink comp="77" pin=1"/></net>

<net id="86"><net_src comp="68" pin="1"/><net_sink comp="83" pin=0"/></net>

<net id="87"><net_src comp="83" pin="1"/><net_sink comp="50" pin=2"/></net>

<net id="91"><net_src comp="44" pin="2"/><net_sink comp="88" pin=0"/></net>

<net id="95"><net_src comp="88" pin="1"/><net_sink comp="92" pin=0"/></net>

<net id="96"><net_src comp="92" pin="1"/><net_sink comp="57" pin=1"/></net>

<net id="101"><net_src comp="77" pin="2"/><net_sink comp="97" pin=0"/></net>

<net id="105"><net_src comp="40" pin="1"/><net_sink comp="102" pin=0"/></net>

<net id="106"><net_src comp="102" pin="1"/><net_sink comp="63" pin=1"/></net>

<net id="107"><net_src comp="102" pin="1"/><net_sink comp="68" pin=0"/></net>

<net id="108"><net_src comp="102" pin="1"/><net_sink comp="97" pin=1"/></net>

</net_list>

</model> 
---------------- Datapath Model END ------------------

* FSMD analyzer results:
  - Output states:
	Port: S_AXIS_V | {}
	Port: bias_0 | {1 }
 - Input state : 
	Port: mlp_dance3_Pipeline_loadbias0 : S_AXIS_V | {1 }
  - Chain level:
	State 1
		store_ln0 : 1
		i_3 : 1
		icmp_ln73 : 2
		add_ln73 : 2
		br_ln73 : 3
		i_5_cast : 2
		bitcast_ln145 : 1
		bias_0_addr : 3
		store_ln75 : 4
		store_ln73 : 3


============================================================
+ Verbose Summary: Datapath Resource usage 
============================================================

* Functional unit list:
|----------|--------------------------|---------|---------|
| Operation|      Functional Unit     |    FF   |   LUT   |
|----------|--------------------------|---------|---------|
|    add   |      add_ln73_fu_77      |    0    |    12   |
|----------|--------------------------|---------|---------|
|   icmp   |      icmp_ln73_fu_71     |    0    |    9    |
|----------|--------------------------|---------|---------|
|   read   | S_AXIS_V_read_read_fu_44 |    0    |    0    |
|----------|--------------------------|---------|---------|
|   zext   |      i_5_cast_fu_83      |    0    |    0    |
|----------|--------------------------|---------|---------|
|   trunc  |     trunc_ln145_fu_88    |    0    |    0    |
|----------|--------------------------|---------|---------|
|   Total  |                          |    0    |    21   |
|----------|--------------------------|---------|---------|

Memories:
N/A

* Register list:
+---------+--------+
|         |   FF   |
+---------+--------+
|i_reg_102|    4   |
+---------+--------+
|  Total  |    4   |
+---------+--------+

* Multiplexer (MUX) list: 
|--------|------|------|------|--------|
|  Comp  |  Pin | Size |  BW  | S x BW |
|--------|------|------|------|--------|
|  Total |      |      |      |    0   |
|--------|------|------|------|--------|



* Summary:
+-----------+--------+--------+
|           |   FF   |   LUT  |
+-----------+--------+--------+
|  Function |    0   |   21   |
|   Memory  |    -   |    -   |
|Multiplexer|    -   |    -   |
|  Register |    4   |    -   |
+-----------+--------+--------+
|   Total   |    4   |   21   |
+-----------+--------+--------+
