

================================================================
== Vitis HLS Report for 'mlp_dance3_Pipeline_retrieve_inputs'
================================================================
* Date:           Tue Oct 12 03:34:48 2021

* Version:        2021.1 (Build 3247384 on Thu Jun 10 19:36:33 MDT 2021)
* Project:        MLP_FINAL
* Solution:       solution1 (Vivado IP Flow Target)
* Product family: zynquplus
* Target device:  xczu3eg-sbva484-1-i


================================================================
== Performance Estimates
================================================================
+ Timing: 
    * Summary: 
    +--------+----------+----------+------------+
    |  Clock |  Target  | Estimated| Uncertainty|
    +--------+----------+----------+------------+
    |ap_clk  |  10.00 ns|  2.215 ns|     2.70 ns|
    +--------+----------+----------+------------+

+ Latency: 
    * Summary: 
    +---------+---------+----------+----------+-----+-----+---------+
    |  Latency (cycles) |  Latency (absolute) |  Interval | Pipeline|
    |   min   |   max   |    min   |    max   | min | max |   Type  |
    +---------+---------+----------+----------+-----+-----+---------+
    |       80|       80|  0.800 us|  0.800 us|   80|   80|       no|
    +---------+---------+----------+----------+-----+-----+---------+

    + Detail: 
        * Instance: 
        N/A

        * Loop: 
        +-------------------+---------+---------+----------+-----------+-----------+------+----------+
        |                   |  Latency (cycles) | Iteration|  Initiation Interval  | Trip |          |
        |     Loop Name     |   min   |   max   |  Latency |  achieved |   target  | Count| Pipelined|
        +-------------------+---------+---------+----------+-----------+-----------+------+----------+
        |- retrieve_inputs  |       78|       78|         1|          1|          1|    78|       yes|
        +-------------------+---------+---------+----------+-----------+-----------+------+----------+

============================================================
+ Verbose Summary: Synthesis Manager
============================================================
InlineROM: 1
ExposeGlobal: 0
============================================================
+ Verbose Summary: CDFG Model
============================================================
IsTopModel: 0
ResetActiveHigh: 1
IsCombinational: 0
IsDatapathOnly: 0
HasWiredReturn: 1
HasMFsm: 2
HasVarLatency: 1
IsPipeline: 0
IsRtlPipelined: 0
IsInstanceOverlapped: 0
IsDontTouch: 0
HasImplIP: 0
IsGatedGlobalClock: 0

+ Individual pipeline summary: 
  * Pipeline-0: initiation interval (II) = 1, depth = 1


============================================================
+ Verbose Summary: Schedule
============================================================
* Number of FSM states : 1
* Pipeline : 1
  Pipeline-0 : II = 1, D = 1, States = { 1 }
* Dataflow Pipeline: 0

* FSM state transitions: 
1 --> 

* FSM state operations: 

State 1 <SV = 0> <Delay = 2.21>
ST_1 : Operation 4 [1/1] (0.00ns)   --->   "%i = alloca i32 1"   --->   Operation 4 'alloca' 'i' <Predicate = true> <Delay = 0.00>
ST_1 : Operation 5 [1/1] (0.00ns)   --->   "%specinterface_ln0 = specinterface void @_ssdm_op_SpecInterface, i64 %S_AXIS_V, void @empty, i32 0, i32 0, void @empty_0, i32 0, i32 0, void @empty_1, void @empty_1, void @empty_1, i32 0, i32 0, i32 0, i32 0, void @empty_1, void @empty_1"   --->   Operation 5 'specinterface' 'specinterface_ln0' <Predicate = true> <Delay = 0.00>
ST_1 : Operation 6 [1/1] (0.48ns)   --->   "%store_ln0 = store i7 0, i7 %i"   --->   Operation 6 'store' 'store_ln0' <Predicate = true> <Delay = 0.48>
ST_1 : Operation 7 [1/1] (0.00ns)   --->   "%br_ln0 = br void %.preheader3"   --->   Operation 7 'br' 'br_ln0' <Predicate = true> <Delay = 0.00>
ST_1 : Operation 8 [1/1] (0.00ns)   --->   "%i_1 = load i7 %i" [main.cpp:143]   --->   Operation 8 'load' 'i_1' <Predicate = true> <Delay = 0.00>
ST_1 : Operation 9 [1/1] (0.00ns)   --->   "%specpipeline_ln0 = specpipeline void @_ssdm_op_SpecPipeline, i32 4294967295, i32 0, i32 1, i32 0, void @p_str"   --->   Operation 9 'specpipeline' 'specpipeline_ln0' <Predicate = true> <Delay = 0.00>
ST_1 : Operation 10 [1/1] (0.86ns)   --->   "%icmp_ln143 = icmp_eq  i7 %i_1, i7 78" [main.cpp:143]   --->   Operation 10 'icmp' 'icmp_ln143' <Predicate = true> <Delay = 0.86> <CoreInst = "Cmp">   --->   Core 9 'Cmp' <Latency = 0> <II = 1> <Delay = 0.86> <FuncUnit> <Opcode : 'icmp'> <InPorts = 2> <OutPorts = 1>
ST_1 : Operation 11 [1/1] (0.00ns)   --->   "%empty = speclooptripcount i32 @_ssdm_op_SpecLoopTripCount, i64 78, i64 78, i64 78"   --->   Operation 11 'speclooptripcount' 'empty' <Predicate = true> <Delay = 0.00>
ST_1 : Operation 12 [1/1] (0.89ns)   --->   "%add_ln143 = add i7 %i_1, i7 1" [main.cpp:143]   --->   Operation 12 'add' 'add_ln143' <Predicate = true> <Delay = 0.89> <CoreInst = "Adder">   --->   Core 1 'Adder' <Latency = 0> <II = 1> <Delay = 0.89> <FuncUnit> <Opcode : 'add' 'sub'> <InPorts = 2> <OutPorts = 1>
ST_1 : Operation 13 [1/1] (0.00ns)   --->   "%br_ln143 = br i1 %icmp_ln143, void %.split11, void %.loopexit61.loopexit12.exitStub" [main.cpp:143]   --->   Operation 13 'br' 'br_ln143' <Predicate = true> <Delay = 0.00>
ST_1 : Operation 14 [1/1] (0.00ns)   --->   "%i_1_cast = zext i7 %i_1" [main.cpp:143]   --->   Operation 14 'zext' 'i_1_cast' <Predicate = (!icmp_ln143)> <Delay = 0.00>
ST_1 : Operation 15 [1/1] (0.00ns)   --->   "%specloopname_ln0 = specloopname void @_ssdm_op_SpecLoopName, void @empty_7" [D:/apps/Xilinx/Vitis_HLS/2021.1/common/technology/autopilot/hls_stream_39.h:0]   --->   Operation 15 'specloopname' 'specloopname_ln0' <Predicate = (!icmp_ln143)> <Delay = 0.00>
ST_1 : Operation 16 [1/1] (0.00ns)   --->   "%S_AXIS_V_read = read i64 @_ssdm_op_Read.axis.volatile.i64P128A, i64 %S_AXIS_V" [D:/apps/Xilinx/Vitis_HLS/2021.1/common/technology/autopilot/hls_stream_39.h:145]   --->   Operation 16 'read' 'S_AXIS_V_read' <Predicate = (!icmp_ln143)> <Delay = 0.00> <CoreInst = "axis">   --->   Core 123 'axis' <Latency = 0> <II = 1> <Delay = 1.00> <Adapter> <Opcode : >
ST_1 : Operation 17 [1/1] (0.00ns)   --->   "%trunc_ln145 = trunc i64 %S_AXIS_V_read" [D:/apps/Xilinx/Vitis_HLS/2021.1/common/technology/autopilot/hls_stream_39.h:145]   --->   Operation 17 'trunc' 'trunc_ln145' <Predicate = (!icmp_ln143)> <Delay = 0.00>
ST_1 : Operation 18 [1/1] (0.00ns)   --->   "%bitcast_ln145 = bitcast i32 %trunc_ln145" [D:/apps/Xilinx/Vitis_HLS/2021.1/common/technology/autopilot/hls_stream_39.h:145]   --->   Operation 18 'bitcast' 'bitcast_ln145' <Predicate = (!icmp_ln143)> <Delay = 0.00>
ST_1 : Operation 19 [1/1] (0.00ns)   --->   "%input_addr = getelementptr i32 %input_r, i64 0, i64 %i_1_cast" [main.cpp:145]   --->   Operation 19 'getelementptr' 'input_addr' <Predicate = (!icmp_ln143)> <Delay = 0.00>
ST_1 : Operation 20 [1/1] (1.35ns)   --->   "%store_ln145 = store i32 %bitcast_ln145, i7 %input_addr" [main.cpp:145]   --->   Operation 20 'store' 'store_ln145' <Predicate = (!icmp_ln143)> <Delay = 1.35> <CoreInst = "RAM">   --->   Core 83 'RAM' <Latency = 1> <II = 1> <Delay = 1.35> <Storage> <Opcode : 'load' 'store'> <Ports = 2> <Width = 32> <Depth = 78> <RAM>
ST_1 : Operation 21 [1/1] (0.48ns)   --->   "%store_ln143 = store i7 %add_ln143, i7 %i" [main.cpp:143]   --->   Operation 21 'store' 'store_ln143' <Predicate = (!icmp_ln143)> <Delay = 0.48>
ST_1 : Operation 22 [1/1] (0.00ns)   --->   "%br_ln0 = br void %.preheader3"   --->   Operation 22 'br' 'br_ln0' <Predicate = (!icmp_ln143)> <Delay = 0.00>
ST_1 : Operation 23 [1/1] (0.00ns)   --->   "%ret_ln0 = ret"   --->   Operation 23 'ret' 'ret_ln0' <Predicate = (icmp_ln143)> <Delay = 0.00>


============================================================
+ Verbose Summary: Timing violations
============================================================
Target clock period: 10ns, clock uncertainty: 2.7ns.

 <State 1>: 2.21ns
The critical path consists of the following:
	'alloca' operation ('i') [3]  (0 ns)
	'load' operation ('i', main.cpp:143) on local variable 'i' [8]  (0 ns)
	'add' operation ('add_ln143', main.cpp:143) [12]  (0.897 ns)
	'store' operation ('store_ln143', main.cpp:143) of variable 'add_ln143', main.cpp:143 on local variable 'i' [22]  (0.489 ns)
	blocking operation 0.829 ns on control path)


============================================================
+ Verbose Summary: Binding
============================================================
N/A
* FSMD analyzer results:
  - Output states:
 - Input state : 
  - Chain level:
	State 1


============================================================
+ Verbose Summary: Datapath Resource usage 
============================================================
N/A
