#-----------------------------------------------------------
# Vivado v2021.1 (64-bit)
# SW Build 3247384 on Thu Jun 10 19:36:33 MDT 2021
# IP Build 3246043 on Fri Jun 11 00:30:35 MDT 2021
# Start of session at: Thu Sep 30 02:33:44 2021
# Process ID: 30956
# Current directory: D:/o/nus_files/2122-Year4-sem-1/CG4002/YETONG-Ultra96/Ultra96-main/FPGA/HLS/MLP_FINAL/MLP_FINAL/solution1/impl/verilog
# Command line: vivado.exe -mode batch -source run_vivadosyn.tcl
# Log file: D:/o/nus_files/2122-Year4-sem-1/CG4002/YETONG-Ultra96/Ultra96-main/FPGA/HLS/MLP_FINAL/MLP_FINAL/solution1/impl/verilog/vivado.log
# Journal file: D:/o/nus_files/2122-Year4-sem-1/CG4002/YETONG-Ultra96/Ultra96-main/FPGA/HLS/MLP_FINAL/MLP_FINAL/solution1/impl/verilog\vivado.jou
#-----------------------------------------------------------
source run_vivadosyn.tcl
# source ./settings.tcl
## set top_module mlp_dance3
## set language verilog
## set family zynquplus
## set device xczu3eg
## set package -sbva484
## set speed -1-i
## set clock ap_clk
## set fsm_ext "off"
## set add_io_buffers false ;
# source -notrace ./extraction.tcl
# set vivado_proj_name project
# set vivado_proj_dir .
# set target_device "${device}${package}${speed}"
# set target_clk_period_ns "10.000"
# set target_clk_freq_hz [expr {floor(1000 / $target_clk_period_ns) * 1000000}]
# set ip_vlnv xilinx.com:hls:mlp_dance3:1.0
# set ip_repo_path ../ip
# set bd_design_name bd_0
# set bd_inst_name hls_inst
# set bd_props {}
# set has_synth true
# set synth_design_args {-directive sdx_optimization_effort_high}
# set synth_dcp ""
# set synth_props {}
# set has_impl false
# set impl_props {}
# set report_options [dict create]
# dict set report_options report_level 2
# dict set report_options report_max_paths 10
# dict set report_options stdout_hls_reports 1
# dict set report_options stdout_vivado_reports 0
# dict set report_options hls_project MLP_FINAL
# dict set report_options hls_solution solution1
# dict set report_options has_synth $has_synth
# dict set report_options has_impl $has_impl
# dict set report_options vivado_reportbasename $top_module
# dict set report_options vivado_reportdir ./report
# dict set report_options hls_impl_dir ..
# dict set report_options hls_reportdir ../report/$language
# dict set report_options target_clk_period $target_clk_period_ns
# dict set report_options target_device $target_device
# dict set report_options language $language
# dict set report_options clock_name $clock
# dict set report_options error_if_impl_timing_fails false
# dict set report_options bindmodules {mlp_dance3_fadd_32ns_32ns_32_5_full_dsp_1 mlp_dance3_fmul_32ns_32ns_32_4_max_dsp_1 mlp_dance3_fcmp_32ns_32ns_1_2_no_dsp_1 mlp_dance3_flow_control_loop_pipe_sequential_init mlp_dance3_mux_32_32_1_1 mlp_dance3_input mlp_dance3_weights_0 mlp_dance3_weights_4 mlp_dance3_bias_0 mlp_dance3_bias_4 mlp_dance3_weights_0_pos mlp_dance3_weights_1_pos mlp_dance3_weights_3_pos mlp_dance3_bias_0_pos mlp_dance3_regslice_both}
# dict set report_options max_module_depth 7
# create_project $vivado_proj_name $vivado_proj_dir -part $target_device -force
INFO: [ProjectBase 1-489] The host OS only allows 260 characters in a normal path. The project is stored in a path with more than 80 characters. If you experience issues with IP, Block Designs, or files not being found, please consider moving the project to a location with a shorter path. Alternately consider using the OS subst command to map part of the path to a drive letter.
Current project path is 'D:/o/nus_files/2122-Year4-sem-1/CG4002/YETONG-Ultra96/Ultra96-main/FPGA/HLS/MLP_FINAL/MLP_FINAL/solution1/impl/verilog'
# set_property target_language $language [current_project]
# if { ![file exists $ip_repo_path] } {
#   error "Cannot find packaged HLS IP"
# }
# set_property ip_repo_paths [file normalize $ip_repo_path] [current_project]
# update_ip_catalog
INFO: [IP_Flow 19-234] Refreshing IP repositories
INFO: [IP_Flow 19-1700] Loaded user IP repository 'd:/o/nus_files/2122-Year4-sem-1/CG4002/YETONG-Ultra96/Ultra96-main/FPGA/HLS/MLP_FINAL/MLP_FINAL/solution1/impl/ip'.
INFO: [IP_Flow 19-2313] Loaded Vivado IP repository 'D:/apps/Xilinx/Vivado/2021.1/data/ip'.
# create_bd_design $bd_design_name
Wrote  : <D:\o\nus_files\2122-Year4-sem-1\CG4002\YETONG-Ultra96\Ultra96-main\FPGA\HLS\MLP_FINAL\MLP_FINAL\solution1\impl\verilog\project.srcs\sources_1\bd\bd_0\bd_0.bd> 
# set cell_inst [create_bd_cell -type ip -vlnv $ip_vlnv $bd_inst_name]
# if { [llength $bd_props] } { 
#   set_property -dict $bd_props $cell_inst 
# }
# make_bd_pins_external $cell_inst
# make_bd_intf_pins_external $cell_inst
# set bd_clk_ports [get_bd_ports -filter {TYPE==clk}]
# if { [llength $bd_clk_ports] && $target_clk_freq_hz ne "" } { 
#   set_property CONFIG.FREQ_HZ $target_clk_freq_hz $bd_clk_ports 
# }
# foreach bd_port [get_bd_intf_ports] {
#   set_property name [regsub {_0$} [get_property name $bd_port] {}] $bd_port
# }
# foreach bd_port [get_bd_ports -filter {INTF!=TRUE}] {
#   set_property name [regsub {_0$} [get_property name $bd_port] {}] $bd_port
# }
# set s_axi_addr_width_min 32
WARNING: [BD 5-233] No interface ports matched 'get_bd_intf_ports -filter {MODE == "Slave" && VLNV =~ "xilinx.com:interface:aximm_rtl:*"}'
# foreach bd_port [get_bd_intf_ports -filter {MODE == "Slave" && VLNV =~ "xilinx.com:interface:aximm_rtl:*"}] {
#   set bd_port_addr_width [get_property CONFIG.ADDR_WIDTH $bd_port]
#   if { $bd_port_addr_width < $s_axi_addr_width_min } {
#     puts "INFO: Updating $bd_port CONFIG.ADDR_WIDTH to $s_axi_addr_width_min"
#     set_property CONFIG.ADDR_WIDTH $s_axi_addr_width_min $bd_port
#   }
# }
# set_msg_config -id {[BD 41-1265]} -severity {CRITICAL WARNING} -new_severity {INFO}
# assign_bd_address
Wrote  : <D:\o\nus_files\2122-Year4-sem-1\CG4002\YETONG-Ultra96\Ultra96-main\FPGA\HLS\MLP_FINAL\MLP_FINAL\solution1\impl\verilog\project.srcs\sources_1\bd\bd_0\bd_0.bd> 
VHDL Output written to : D:/o/nus_files/2122-Year4-sem-1/CG4002/YETONG-Ultra96/Ultra96-main/FPGA/HLS/MLP_FINAL/MLP_FINAL/solution1/impl/verilog/project.gen/sources_1/bd/bd_0/synth/bd_0.v
VHDL Output written to : D:/o/nus_files/2122-Year4-sem-1/CG4002/YETONG-Ultra96/Ultra96-main/FPGA/HLS/MLP_FINAL/MLP_FINAL/solution1/impl/verilog/project.gen/sources_1/bd/bd_0/sim/bd_0.v
VHDL Output written to : D:/o/nus_files/2122-Year4-sem-1/CG4002/YETONG-Ultra96/Ultra96-main/FPGA/HLS/MLP_FINAL/MLP_FINAL/solution1/impl/verilog/project.gen/sources_1/bd/bd_0/hdl/bd_0_wrapper.v
# set toprtl [make_wrapper -files [get_files ${bd_design_name}.bd] -top]
# add_files -norecurse $toprtl
# set top_inst_name [file root [file tail $toprtl]]
# puts "Using BD top: $top_inst_name"
Using BD top: bd_0_wrapper
# set xdc_files [glob -nocomplain ./*.xdc]
# if { [llength $xdc_files] } {
#     add_files -fileset constrs_1 -norecurse $xdc_files
# }
# launch_runs synth_1 -scripts_only
INFO: [BD 41-1662] The design 'bd_0.bd' is already validated. Therefore parameter propagation will not be re-run.
VHDL Output written to : D:/o/nus_files/2122-Year4-sem-1/CG4002/YETONG-Ultra96/Ultra96-main/FPGA/HLS/MLP_FINAL/MLP_FINAL/solution1/impl/verilog/project.gen/sources_1/bd/bd_0/synth/bd_0.v
VHDL Output written to : D:/o/nus_files/2122-Year4-sem-1/CG4002/YETONG-Ultra96/Ultra96-main/FPGA/HLS/MLP_FINAL/MLP_FINAL/solution1/impl/verilog/project.gen/sources_1/bd/bd_0/sim/bd_0.v
VHDL Output written to : D:/o/nus_files/2122-Year4-sem-1/CG4002/YETONG-Ultra96/Ultra96-main/FPGA/HLS/MLP_FINAL/MLP_FINAL/solution1/impl/verilog/project.gen/sources_1/bd/bd_0/hdl/bd_0_wrapper.v
INFO: [BD 41-1029] Generation completed for the IP Integrator block hls_inst .
Exporting to file D:/o/nus_files/2122-Year4-sem-1/CG4002/YETONG-Ultra96/Ultra96-main/FPGA/HLS/MLP_FINAL/MLP_FINAL/solution1/impl/verilog/project.gen/sources_1/bd/bd_0/hw_handoff/bd_0.hwh
Generated Block Design Tcl file D:/o/nus_files/2122-Year4-sem-1/CG4002/YETONG-Ultra96/Ultra96-main/FPGA/HLS/MLP_FINAL/MLP_FINAL/solution1/impl/verilog/project.gen/sources_1/bd/bd_0/hw_handoff/bd_0_bd.tcl
Generated Hardware Definition File D:/o/nus_files/2122-Year4-sem-1/CG4002/YETONG-Ultra96/Ultra96-main/FPGA/HLS/MLP_FINAL/MLP_FINAL/solution1/impl/verilog/project.gen/sources_1/bd/bd_0/synth/bd_0.hwdef
# foreach run [get_runs -filter {IS_SYNTHESIS == 1}] {
#   reset_run [get_runs $run]
# }
# set_property XPM_LIBRARIES {XPM_MEMORY XPM_FIFO} [current_project]
# hls_vivado_reports_setup $report_options
TIMESTAMP: HLS-REPORT: initialize report directories: 2021-09-30 02:33:58 +0800
# if { $has_synth || $has_impl } {
#   # synth properties setting
#   set_property -name {STEPS.SYNTH_DESIGN.ARGS.MORE OPTIONS} -value {-mode out_of_context} -objects [get_runs synth_1]
#   set ip_inst [get_ips -quiet ${bd_design_name}*${bd_inst_name}*]
#   if { ![llength $ip_inst] } {
#       error "Cannot find HLS IP instance: ${bd_design_name}*${bd_inst_name}*"
#   }
#   set synth_run [get_runs -filter {IS_SYNTHESIS == 1} ${ip_inst}*]
#   if { ![llength $synth_run] } {
#       error "Cannot find synth run for HLS IP: ${ip_inst}*"
#   }
# 
#   if { [llength $synth_design_args] } {
#       set_property -name {STEPS.SYNTH_DESIGN.ARGS.MORE OPTIONS} -value $synth_design_args -objects $synth_run
#   }
# 
#   if { [llength $synth_props] } {
#     set_property -dict $synth_props $synth_run
#   }
# 
#   # launch run synth
#   launch_runs synth_1
#   wait_on_run synth_1
#   # synth reports
#   hls_vivado_reports_synth synth_1 $report_options
#   if { $synth_dcp ne "" } {
#     file mkdir [file dirname $synth_dcp]
#     set run_dcp [glob -nocomplain [get_property DIRECTORY $synth_run]/*.dcp]
#     if { [llength $run_dcp] != 1 } { error "Cannot find single dcp file for run $synth_run" }
#     file copy -force $run_dcp $synth_dcp
#   }
# }
[Thu Sep 30 02:33:58 2021] Launched bd_0_hls_inst_0_synth_1...
Run output will be captured here: D:/o/nus_files/2122-Year4-sem-1/CG4002/YETONG-Ultra96/Ultra96-main/FPGA/HLS/MLP_FINAL/MLP_FINAL/solution1/impl/verilog/project.runs/bd_0_hls_inst_0_synth_1/runme.log
[Thu Sep 30 02:33:58 2021] Launched synth_1...
Run output will be captured here: D:/o/nus_files/2122-Year4-sem-1/CG4002/YETONG-Ultra96/Ultra96-main/FPGA/HLS/MLP_FINAL/MLP_FINAL/solution1/impl/verilog/project.runs/synth_1/runme.log
[Thu Sep 30 02:33:58 2021] Waiting for synth_1 to finish...
