

================================================================
== Vitis HLS Report for 'mlp_dance3_Pipeline_loadweights1_VITIS_LOOP_52_3'
================================================================
* Date:           Tue Oct 12 03:34:58 2021

* Version:        2021.1 (Build 3247384 on Thu Jun 10 19:36:33 MDT 2021)
* Project:        MLP_FINAL
* Solution:       solution1 (Vivado IP Flow Target)
* Product family: zynquplus
* Target device:  xczu3eg-sbva484-1-i


================================================================
== Performance Estimates
================================================================
+ Timing: 
    * Summary: 
    +--------+----------+----------+------------+
    |  Clock |  Target  | Estimated| Uncertainty|
    +--------+----------+----------+------------+
    |ap_clk  |  10.00 ns|  2.691 ns|     2.70 ns|
    +--------+----------+----------+------------+

+ Latency: 
    * Summary: 
    +---------+---------+----------+----------+-----+-----+---------+
    |  Latency (cycles) |  Latency (absolute) |  Interval | Pipeline|
    |   min   |   max   |    min   |    max   | min | max |   Type  |
    +---------+---------+----------+----------+-----+-----+---------+
    |       26|       26|  0.260 us|  0.260 us|   26|   26|       no|
    +---------+---------+----------+----------+-----+-----+---------+

    + Detail: 
        * Instance: 
        N/A

        * Loop: 
        +--------------------------------+---------+---------+----------+-----------+-----------+------+----------+
        |                                |  Latency (cycles) | Iteration|  Initiation Interval  | Trip |          |
        |            Loop Name           |   min   |   max   |  Latency |  achieved |   target  | Count| Pipelined|
        +--------------------------------+---------+---------+----------+-----------+-----------+------+----------+
        |- loadweights1_VITIS_LOOP_52_3  |       24|       24|         1|          1|          1|    24|       yes|
        +--------------------------------+---------+---------+----------+-----------+-----------+------+----------+



================================================================
== Utilization Estimates
================================================================
* Summary: 
+-----------------+---------+-----+--------+-------+-----+
|       Name      | BRAM_18K| DSP |   FF   |  LUT  | URAM|
+-----------------+---------+-----+--------+-------+-----+
|DSP              |        -|    -|       -|      -|    -|
|Expression       |        -|    -|       0|    109|    -|
|FIFO             |        -|    -|       -|      -|    -|
|Instance         |        -|    -|       -|      -|    -|
|Memory           |        -|    -|       -|      -|    -|
|Multiplexer      |        -|    -|       -|    288|    -|
|Register         |        -|    -|     781|      -|    -|
+-----------------+---------+-----+--------+-------+-----+
|Total            |        0|    0|     781|    397|    0|
+-----------------+---------+-----+--------+-------+-----+
|Available        |      432|  360|  141120|  70560|    0|
+-----------------+---------+-----+--------+-------+-----+
|Utilization (%)  |        0|    0|      ~0|     ~0|    0|
+-----------------+---------+-----+--------+-------+-----+

+ Detail: 
    * Instance: 
    N/A

    * DSP: 
    N/A

    * Memory: 
    N/A

    * FIFO: 
    N/A

    * Expression: 
    +----------------------------------+----------+----+---+----+------------+------------+
    |           Variable Name          | Operation| DSP| FF| LUT| Bitwidth P0| Bitwidth P1|
    +----------------------------------+----------+----+---+----+------------+------------+
    |add_ln51_1_fu_732_p2              |         +|   0|  0|  12|           5|           1|
    |add_ln51_fu_744_p2                |         +|   0|  0|   9|           2|           1|
    |add_ln52_fu_904_p2                |         +|   0|  0|  12|           4|           1|
    |ap_condition_144                  |       and|   0|  0|   2|           1|           1|
    |ap_condition_153                  |       and|   0|  0|   2|           1|           1|
    |ap_condition_162                  |       and|   0|  0|   2|           1|           1|
    |ap_condition_171                  |       and|   0|  0|   2|           1|           1|
    |ap_condition_177                  |       and|   0|  0|   2|           1|           1|
    |ap_condition_184                  |       and|   0|  0|   2|           1|           1|
    |ap_condition_193                  |       and|   0|  0|   2|           1|           1|
    |ap_condition_199                  |       and|   0|  0|   2|           1|           1|
    |ap_condition_206                  |       and|   0|  0|   2|           1|           1|
    |ap_condition_215                  |       and|   0|  0|   2|           1|           1|
    |ap_condition_221                  |       and|   0|  0|   2|           1|           1|
    |ap_condition_228                  |       and|   0|  0|   2|           1|           1|
    |ap_condition_237                  |       and|   0|  0|   2|           1|           1|
    |ap_condition_243                  |       and|   0|  0|   2|           1|           1|
    |ap_condition_250                  |       and|   0|  0|   2|           1|           1|
    |ap_condition_259                  |       and|   0|  0|   2|           1|           1|
    |ap_condition_265                  |       and|   0|  0|   2|           1|           1|
    |ap_condition_272                  |       and|   0|  0|   2|           1|           1|
    |ap_condition_281                  |       and|   0|  0|   2|           1|           1|
    |ap_condition_287                  |       and|   0|  0|   2|           1|           1|
    |ap_condition_294                  |       and|   0|  0|   2|           1|           1|
    |ap_condition_303                  |       and|   0|  0|   2|           1|           1|
    |ap_condition_309                  |       and|   0|  0|   2|           1|           1|
    |ap_condition_316                  |       and|   0|  0|   2|           1|           1|
    |ap_condition_409                  |       and|   0|  0|   2|           1|           1|
    |icmp_ln51_fu_726_p2               |      icmp|   0|  0|   9|           5|           5|
    |icmp_ln52_fu_750_p2               |      icmp|   0|  0|   9|           4|           5|
    |ap_block_state1_pp0_stage0_iter0  |        or|   0|  0|   2|           1|           1|
    |select_ln51_1_fu_764_p3           |    select|   0|  0|   2|           1|           2|
    |select_ln51_fu_756_p3             |    select|   0|  0|   4|           1|           1|
    +----------------------------------+----------+----+---+----+------------+------------+
    |Total                             |          |   0|  0| 109|          48|          42|
    +----------------------------------+----------+----+---+----+------------+------------+

    * Multiplexer: 
    +---------------------------------------+----+-----------+-----+-----------+
    |                  Name                 | LUT| Input Size| Bits| Total Bits|
    +---------------------------------------+----+-----------+-----+-----------+
    |S_AXIS_V_TDATA_blk_n                   |   9|          2|    1|          2|
    |ap_done_int                            |   9|          2|    1|          2|
    |ap_sig_allocacmp_i_load                |   9|          2|    2|          4|
    |ap_sig_allocacmp_indvar_flatten7_load  |   9|          2|    5|         10|
    |ap_sig_allocacmp_j_load                |   9|          2|    4|          8|
    |i_fu_166                               |   9|          2|    2|          4|
    |indvar_flatten7_fu_170                 |   9|          2|    5|         10|
    |j_fu_162                               |   9|          2|    4|          8|
    |weights_1_7_1_10_fu_210                |   9|          2|   32|         64|
    |weights_1_7_1_11_fu_214                |   9|          2|   32|         64|
    |weights_1_7_1_12_fu_218                |   9|          2|   32|         64|
    |weights_1_7_1_13_fu_222                |   9|          2|   32|         64|
    |weights_1_7_1_14_fu_226                |   9|          2|   32|         64|
    |weights_1_7_1_15_fu_230                |   9|          2|   32|         64|
    |weights_1_7_1_16_fu_234                |   9|          2|   32|         64|
    |weights_1_7_1_17_fu_238                |   9|          2|   32|         64|
    |weights_1_7_1_18_fu_242                |   9|          2|   32|         64|
    |weights_1_7_1_19_fu_246                |   9|          2|   32|         64|
    |weights_1_7_1_1_fu_178                 |   9|          2|   32|         64|
    |weights_1_7_1_20_fu_250                |   9|          2|   32|         64|
    |weights_1_7_1_21_fu_254                |   9|          2|   32|         64|
    |weights_1_7_1_22_fu_258                |   9|          2|   32|         64|
    |weights_1_7_1_23_fu_266                |   9|          2|   32|         64|
    |weights_1_7_1_2_fu_262                 |   9|          2|   32|         64|
    |weights_1_7_1_3_fu_182                 |   9|          2|   32|         64|
    |weights_1_7_1_4_fu_186                 |   9|          2|   32|         64|
    |weights_1_7_1_5_fu_190                 |   9|          2|   32|         64|
    |weights_1_7_1_6_fu_194                 |   9|          2|   32|         64|
    |weights_1_7_1_7_fu_198                 |   9|          2|   32|         64|
    |weights_1_7_1_8_fu_202                 |   9|          2|   32|         64|
    |weights_1_7_1_9_fu_206                 |   9|          2|   32|         64|
    |weights_1_7_1_fu_174                   |   9|          2|   32|         64|
    +---------------------------------------+----+-----------+-----+-----------+
    |Total                                  | 288|         64|  792|       1584|
    +---------------------------------------+----+-----------+-----+-----------+

    * Register: 
    +-------------------------+----+----+-----+-----------+
    |           Name          | FF | LUT| Bits| Const Bits|
    +-------------------------+----+----+-----+-----------+
    |ap_CS_fsm                |   1|   0|    1|          0|
    |ap_done_reg              |   1|   0|    1|          0|
    |i_fu_166                 |   2|   0|    2|          0|
    |indvar_flatten7_fu_170   |   5|   0|    5|          0|
    |j_fu_162                 |   4|   0|    4|          0|
    |weights_1_7_1_10_fu_210  |  32|   0|   32|          0|
    |weights_1_7_1_11_fu_214  |  32|   0|   32|          0|
    |weights_1_7_1_12_fu_218  |  32|   0|   32|          0|
    |weights_1_7_1_13_fu_222  |  32|   0|   32|          0|
    |weights_1_7_1_14_fu_226  |  32|   0|   32|          0|
    |weights_1_7_1_15_fu_230  |  32|   0|   32|          0|
    |weights_1_7_1_16_fu_234  |  32|   0|   32|          0|
    |weights_1_7_1_17_fu_238  |  32|   0|   32|          0|
    |weights_1_7_1_18_fu_242  |  32|   0|   32|          0|
    |weights_1_7_1_19_fu_246  |  32|   0|   32|          0|
    |weights_1_7_1_1_fu_178   |  32|   0|   32|          0|
    |weights_1_7_1_20_fu_250  |  32|   0|   32|          0|
    |weights_1_7_1_21_fu_254  |  32|   0|   32|          0|
    |weights_1_7_1_22_fu_258  |  32|   0|   32|          0|
    |weights_1_7_1_23_fu_266  |  32|   0|   32|          0|
    |weights_1_7_1_2_fu_262   |  32|   0|   32|          0|
    |weights_1_7_1_3_fu_182   |  32|   0|   32|          0|
    |weights_1_7_1_4_fu_186   |  32|   0|   32|          0|
    |weights_1_7_1_5_fu_190   |  32|   0|   32|          0|
    |weights_1_7_1_6_fu_194   |  32|   0|   32|          0|
    |weights_1_7_1_7_fu_198   |  32|   0|   32|          0|
    |weights_1_7_1_8_fu_202   |  32|   0|   32|          0|
    |weights_1_7_1_9_fu_206   |  32|   0|   32|          0|
    |weights_1_7_1_fu_174     |  32|   0|   32|          0|
    +-------------------------+----+----+-----+-----------+
    |Total                    | 781|   0|  781|          0|
    +-------------------------+----+----+-----+-----------+



================================================================
== Interface
================================================================
* Summary: 
+----------------------------+-----+-----+------------+--------------------------------------------------+--------------+
|          RTL Ports         | Dir | Bits|  Protocol  |                   Source Object                  |    C Type    |
+----------------------------+-----+-----+------------+--------------------------------------------------+--------------+
|ap_clk                      |   in|    1|  ap_ctrl_hs|  mlp_dance3_Pipeline_loadweights1_VITIS_LOOP_52_3|  return value|
|ap_rst                      |   in|    1|  ap_ctrl_hs|  mlp_dance3_Pipeline_loadweights1_VITIS_LOOP_52_3|  return value|
|ap_start                    |   in|    1|  ap_ctrl_hs|  mlp_dance3_Pipeline_loadweights1_VITIS_LOOP_52_3|  return value|
|ap_done                     |  out|    1|  ap_ctrl_hs|  mlp_dance3_Pipeline_loadweights1_VITIS_LOOP_52_3|  return value|
|ap_idle                     |  out|    1|  ap_ctrl_hs|  mlp_dance3_Pipeline_loadweights1_VITIS_LOOP_52_3|  return value|
|ap_ready                    |  out|    1|  ap_ctrl_hs|  mlp_dance3_Pipeline_loadweights1_VITIS_LOOP_52_3|  return value|
|S_AXIS_V_TVALID             |   in|    1|        axis|                                          S_AXIS_V|       pointer|
|S_AXIS_V_TDATA              |   in|   64|        axis|                                          S_AXIS_V|       pointer|
|S_AXIS_V_TREADY             |  out|    1|        axis|                                          S_AXIS_V|       pointer|
|weights_1_7_2_024           |   in|   32|     ap_none|                                 weights_1_7_2_024|        scalar|
|weights_1_7_1_023           |   in|   32|     ap_none|                                 weights_1_7_1_023|        scalar|
|weights_1_7_0_022           |   in|   32|     ap_none|                                 weights_1_7_0_022|        scalar|
|weights_1_6_2_021           |   in|   32|     ap_none|                                 weights_1_6_2_021|        scalar|
|weights_1_6_1_020           |   in|   32|     ap_none|                                 weights_1_6_1_020|        scalar|
|weights_1_6_0_019           |   in|   32|     ap_none|                                 weights_1_6_0_019|        scalar|
|weights_1_5_2_018           |   in|   32|     ap_none|                                 weights_1_5_2_018|        scalar|
|weights_1_5_1_017           |   in|   32|     ap_none|                                 weights_1_5_1_017|        scalar|
|weights_1_5_0_016           |   in|   32|     ap_none|                                 weights_1_5_0_016|        scalar|
|weights_1_4_2_015           |   in|   32|     ap_none|                                 weights_1_4_2_015|        scalar|
|weights_1_4_1_014           |   in|   32|     ap_none|                                 weights_1_4_1_014|        scalar|
|weights_1_4_0_013           |   in|   32|     ap_none|                                 weights_1_4_0_013|        scalar|
|weights_1_3_2_012           |   in|   32|     ap_none|                                 weights_1_3_2_012|        scalar|
|weights_1_3_1_011           |   in|   32|     ap_none|                                 weights_1_3_1_011|        scalar|
|weights_1_3_0_010           |   in|   32|     ap_none|                                 weights_1_3_0_010|        scalar|
|weights_1_2_2_09            |   in|   32|     ap_none|                                  weights_1_2_2_09|        scalar|
|weights_1_2_1_08            |   in|   32|     ap_none|                                  weights_1_2_1_08|        scalar|
|weights_1_2_0_07            |   in|   32|     ap_none|                                  weights_1_2_0_07|        scalar|
|weights_1_1_2_06            |   in|   32|     ap_none|                                  weights_1_1_2_06|        scalar|
|weights_1_1_1_05            |   in|   32|     ap_none|                                  weights_1_1_1_05|        scalar|
|weights_1_1_0_04            |   in|   32|     ap_none|                                  weights_1_1_0_04|        scalar|
|weights_1_0_2_03            |   in|   32|     ap_none|                                  weights_1_0_2_03|        scalar|
|weights_1_0_1_02            |   in|   32|     ap_none|                                  weights_1_0_1_02|        scalar|
|weights_1_0_0_01            |   in|   32|     ap_none|                                  weights_1_0_0_01|        scalar|
|weights_1_7_2_2_out         |  out|   32|      ap_vld|                               weights_1_7_2_2_out|       pointer|
|weights_1_7_2_2_out_ap_vld  |  out|    1|      ap_vld|                               weights_1_7_2_2_out|       pointer|
|weights_1_7_1_2_out         |  out|   32|      ap_vld|                               weights_1_7_1_2_out|       pointer|
|weights_1_7_1_2_out_ap_vld  |  out|    1|      ap_vld|                               weights_1_7_1_2_out|       pointer|
|weights_1_7_0_2_out         |  out|   32|      ap_vld|                               weights_1_7_0_2_out|       pointer|
|weights_1_7_0_2_out_ap_vld  |  out|    1|      ap_vld|                               weights_1_7_0_2_out|       pointer|
|weights_1_6_2_2_out         |  out|   32|      ap_vld|                               weights_1_6_2_2_out|       pointer|
|weights_1_6_2_2_out_ap_vld  |  out|    1|      ap_vld|                               weights_1_6_2_2_out|       pointer|
|weights_1_6_1_2_out         |  out|   32|      ap_vld|                               weights_1_6_1_2_out|       pointer|
|weights_1_6_1_2_out_ap_vld  |  out|    1|      ap_vld|                               weights_1_6_1_2_out|       pointer|
|weights_1_6_0_2_out         |  out|   32|      ap_vld|                               weights_1_6_0_2_out|       pointer|
|weights_1_6_0_2_out_ap_vld  |  out|    1|      ap_vld|                               weights_1_6_0_2_out|       pointer|
|weights_1_5_2_2_out         |  out|   32|      ap_vld|                               weights_1_5_2_2_out|       pointer|
|weights_1_5_2_2_out_ap_vld  |  out|    1|      ap_vld|                               weights_1_5_2_2_out|       pointer|
|weights_1_5_1_2_out         |  out|   32|      ap_vld|                               weights_1_5_1_2_out|       pointer|
|weights_1_5_1_2_out_ap_vld  |  out|    1|      ap_vld|                               weights_1_5_1_2_out|       pointer|
|weights_1_5_0_2_out         |  out|   32|      ap_vld|                               weights_1_5_0_2_out|       pointer|
|weights_1_5_0_2_out_ap_vld  |  out|    1|      ap_vld|                               weights_1_5_0_2_out|       pointer|
|weights_1_4_2_2_out         |  out|   32|      ap_vld|                               weights_1_4_2_2_out|       pointer|
|weights_1_4_2_2_out_ap_vld  |  out|    1|      ap_vld|                               weights_1_4_2_2_out|       pointer|
|weights_1_4_1_2_out         |  out|   32|      ap_vld|                               weights_1_4_1_2_out|       pointer|
|weights_1_4_1_2_out_ap_vld  |  out|    1|      ap_vld|                               weights_1_4_1_2_out|       pointer|
|weights_1_4_0_2_out         |  out|   32|      ap_vld|                               weights_1_4_0_2_out|       pointer|
|weights_1_4_0_2_out_ap_vld  |  out|    1|      ap_vld|                               weights_1_4_0_2_out|       pointer|
|weights_1_3_2_2_out         |  out|   32|      ap_vld|                               weights_1_3_2_2_out|       pointer|
|weights_1_3_2_2_out_ap_vld  |  out|    1|      ap_vld|                               weights_1_3_2_2_out|       pointer|
|weights_1_3_1_2_out         |  out|   32|      ap_vld|                               weights_1_3_1_2_out|       pointer|
|weights_1_3_1_2_out_ap_vld  |  out|    1|      ap_vld|                               weights_1_3_1_2_out|       pointer|
|weights_1_3_0_2_out         |  out|   32|      ap_vld|                               weights_1_3_0_2_out|       pointer|
|weights_1_3_0_2_out_ap_vld  |  out|    1|      ap_vld|                               weights_1_3_0_2_out|       pointer|
|weights_1_2_2_2_out         |  out|   32|      ap_vld|                               weights_1_2_2_2_out|       pointer|
|weights_1_2_2_2_out_ap_vld  |  out|    1|      ap_vld|                               weights_1_2_2_2_out|       pointer|
|weights_1_2_1_2_out         |  out|   32|      ap_vld|                               weights_1_2_1_2_out|       pointer|
|weights_1_2_1_2_out_ap_vld  |  out|    1|      ap_vld|                               weights_1_2_1_2_out|       pointer|
|weights_1_2_0_2_out         |  out|   32|      ap_vld|                               weights_1_2_0_2_out|       pointer|
|weights_1_2_0_2_out_ap_vld  |  out|    1|      ap_vld|                               weights_1_2_0_2_out|       pointer|
|weights_1_1_2_2_out         |  out|   32|      ap_vld|                               weights_1_1_2_2_out|       pointer|
|weights_1_1_2_2_out_ap_vld  |  out|    1|      ap_vld|                               weights_1_1_2_2_out|       pointer|
|weights_1_1_1_2_out         |  out|   32|      ap_vld|                               weights_1_1_1_2_out|       pointer|
|weights_1_1_1_2_out_ap_vld  |  out|    1|      ap_vld|                               weights_1_1_1_2_out|       pointer|
|weights_1_1_0_2_out         |  out|   32|      ap_vld|                               weights_1_1_0_2_out|       pointer|
|weights_1_1_0_2_out_ap_vld  |  out|    1|      ap_vld|                               weights_1_1_0_2_out|       pointer|
|weights_1_0_2_2_out         |  out|   32|      ap_vld|                               weights_1_0_2_2_out|       pointer|
|weights_1_0_2_2_out_ap_vld  |  out|    1|      ap_vld|                               weights_1_0_2_2_out|       pointer|
|weights_1_0_1_2_out         |  out|   32|      ap_vld|                               weights_1_0_1_2_out|       pointer|
|weights_1_0_1_2_out_ap_vld  |  out|    1|      ap_vld|                               weights_1_0_1_2_out|       pointer|
|weights_1_0_0_2_out         |  out|   32|      ap_vld|                               weights_1_0_0_2_out|       pointer|
|weights_1_0_0_2_out_ap_vld  |  out|    1|      ap_vld|                               weights_1_0_0_2_out|       pointer|
+----------------------------+-----+-----+------------+--------------------------------------------------+--------------+

